0 info it worked if it ends with ok
1 verbose cli [ '/usr/bin/node', '/usr/bin/npm', 'i' ]
2 info using npm@3.5.2
3 info using node@v8.10.0
4 silly loadCurrentTree Starting
5 silly install loadCurrentTree
6 silly install readLocalPackageData
7 silly install normalizeTree
8 silly loadCurrentTree Finishing
9 silly loadIdealTree Starting
10 silly install loadIdealTree
11 silly cloneCurrentTree Starting
12 silly install cloneCurrentTreeToIdealTree
13 silly cloneCurrentTree Finishing
14 silly loadShrinkwrap Starting
15 silly install loadShrinkwrap
16 silly loadShrinkwrap Finishing
17 silly loadAllDepsIntoIdealTree Starting
18 silly install loadAllDepsIntoIdealTree
19 silly fetchNamedPackageData fsevents
20 silly mapToRegistry name fsevents
21 silly mapToRegistry using default registry
22 silly mapToRegistry registry https://registry.npmjs.org/
23 silly mapToRegistry uri https://registry.npmjs.org/fsevents
24 verbose get https://registry.npmjs.org/fsevents not expired, no request
25 silly resolveWithNewModule fsevents@1.2.9 checking installable status
26 silly loadAllDepsIntoIdealTree Finishing
27 silly idealTree:prePrune ecommerce-back@1.0.0
27 silly idealTree:prePrune ├── @types/node@12.12.6
27 silly idealTree:prePrune ├── abbrev@1.1.1
27 silly idealTree:prePrune ├── accepts@1.3.7
27 silly idealTree:prePrune ├── ansi-align@2.0.0
27 silly idealTree:prePrune ├── ansi-regex@3.0.0
27 silly idealTree:prePrune ├── ansi-styles@3.2.1
27 silly idealTree:prePrune ├── any-promise@1.3.0
27 silly idealTree:prePrune ├─┬ anymatch@2.0.0
27 silly idealTree:prePrune │ └── normalize-path@2.1.1
27 silly idealTree:prePrune ├── arr-diff@4.0.0
27 silly idealTree:prePrune ├── arr-flatten@1.1.0
27 silly idealTree:prePrune ├── arr-union@3.1.0
27 silly idealTree:prePrune ├── array-flatten@1.1.1
27 silly idealTree:prePrune ├── array-unique@0.3.2
27 silly idealTree:prePrune ├── assign-symbols@1.0.0
27 silly idealTree:prePrune ├── async-each@1.0.3
27 silly idealTree:prePrune ├── atob@2.1.2
27 silly idealTree:prePrune ├── balanced-match@1.0.0
27 silly idealTree:prePrune ├─┬ base@0.11.2
27 silly idealTree:prePrune │ ├── define-property@1.0.0
27 silly idealTree:prePrune │ ├── is-accessor-descriptor@1.0.0
27 silly idealTree:prePrune │ ├── is-data-descriptor@1.0.0
27 silly idealTree:prePrune │ └── is-descriptor@1.0.2
27 silly idealTree:prePrune ├── base64url@3.0.1
27 silly idealTree:prePrune ├── basic-auth@2.0.1
27 silly idealTree:prePrune ├── binary-extensions@1.13.1
27 silly idealTree:prePrune ├── bluebird@3.7.1
27 silly idealTree:prePrune ├── body-parser@1.19.0
27 silly idealTree:prePrune ├── boxen@1.3.0
27 silly idealTree:prePrune ├── brace-expansion@1.1.11
27 silly idealTree:prePrune ├─┬ braces@2.3.2
27 silly idealTree:prePrune │ └── extend-shallow@2.0.1
27 silly idealTree:prePrune ├── buffer-writer@2.0.0
27 silly idealTree:prePrune ├── bytes@3.1.0
27 silly idealTree:prePrune ├── cache-base@1.0.1
27 silly idealTree:prePrune ├── camelcase@4.1.0
27 silly idealTree:prePrune ├── capture-stack-trace@1.0.1
27 silly idealTree:prePrune ├── chalk@2.4.2
27 silly idealTree:prePrune ├── chokidar@2.1.8
27 silly idealTree:prePrune ├── ci-info@1.6.0
27 silly idealTree:prePrune ├─┬ class-utils@0.3.6
27 silly idealTree:prePrune │ └── define-property@0.2.5
27 silly idealTree:prePrune ├── cli-boxes@1.0.0
27 silly idealTree:prePrune ├── cls-bluebird@2.1.0
27 silly idealTree:prePrune ├── collection-visit@1.0.0
27 silly idealTree:prePrune ├── color-convert@1.9.3
27 silly idealTree:prePrune ├── color-name@1.1.3
27 silly idealTree:prePrune ├── component-emitter@1.3.0
27 silly idealTree:prePrune ├── concat-map@0.0.1
27 silly idealTree:prePrune ├── configstore@3.1.2
27 silly idealTree:prePrune ├── content-disposition@0.5.3
27 silly idealTree:prePrune ├── content-type@1.0.4
27 silly idealTree:prePrune ├── cookie-parser@1.4.4
27 silly idealTree:prePrune ├── cookie-signature@1.0.6
27 silly idealTree:prePrune ├── cookie@0.3.1
27 silly idealTree:prePrune ├── copy-descriptor@0.1.1
27 silly idealTree:prePrune ├── core-util-is@1.0.2
27 silly idealTree:prePrune ├── cors@2.8.5
27 silly idealTree:prePrune ├── create-error-class@3.0.2
27 silly idealTree:prePrune ├── cross-spawn@5.1.0
27 silly idealTree:prePrune ├── crypto-random-string@1.0.0
27 silly idealTree:prePrune ├── debug@2.6.9
27 silly idealTree:prePrune ├── decode-uri-component@0.2.0
27 silly idealTree:prePrune ├── deep-extend@0.6.0
27 silly idealTree:prePrune ├─┬ define-property@2.0.2
27 silly idealTree:prePrune │ ├── is-accessor-descriptor@1.0.0
27 silly idealTree:prePrune │ ├── is-data-descriptor@1.0.0
27 silly idealTree:prePrune │ └── is-descriptor@1.0.2
27 silly idealTree:prePrune ├── depd@1.1.2
27 silly idealTree:prePrune ├── destroy@1.0.4
27 silly idealTree:prePrune ├── dot-prop@4.2.0
27 silly idealTree:prePrune ├── dotenv@8.2.0
27 silly idealTree:prePrune ├── dottie@2.0.1
27 silly idealTree:prePrune ├── duplexer3@0.1.4
27 silly idealTree:prePrune ├── ee-first@1.1.1
27 silly idealTree:prePrune ├── encodeurl@1.0.2
27 silly idealTree:prePrune ├── escape-html@1.0.3
27 silly idealTree:prePrune ├── escape-string-regexp@1.0.5
27 silly idealTree:prePrune ├── etag@1.8.1
27 silly idealTree:prePrune ├── execa@0.7.0
27 silly idealTree:prePrune ├─┬ expand-brackets@2.1.4
27 silly idealTree:prePrune │ ├── define-property@0.2.5
27 silly idealTree:prePrune │ └── extend-shallow@2.0.1
27 silly idealTree:prePrune ├─┬ express-session@1.17.0
27 silly idealTree:prePrune │ ├── cookie@0.4.0
27 silly idealTree:prePrune │ ├── depd@2.0.0
27 silly idealTree:prePrune │ └── safe-buffer@5.2.0
27 silly idealTree:prePrune ├─┬ express@4.17.1
27 silly idealTree:prePrune │ └── cookie@0.4.0
27 silly idealTree:prePrune ├─┬ extend-shallow@3.0.2
27 silly idealTree:prePrune │ └── is-extendable@1.0.1
27 silly idealTree:prePrune ├─┬ extglob@2.0.4
27 silly idealTree:prePrune │ ├── define-property@1.0.0
27 silly idealTree:prePrune │ ├── extend-shallow@2.0.1
27 silly idealTree:prePrune │ ├── is-accessor-descriptor@1.0.0
27 silly idealTree:prePrune │ ├── is-data-descriptor@1.0.0
27 silly idealTree:prePrune │ └── is-descriptor@1.0.2
27 silly idealTree:prePrune ├─┬ fill-range@4.0.0
27 silly idealTree:prePrune │ └── extend-shallow@2.0.1
27 silly idealTree:prePrune ├── finalhandler@1.1.2
27 silly idealTree:prePrune ├── for-in@1.0.2
27 silly idealTree:prePrune ├── forwarded@0.1.2
27 silly idealTree:prePrune ├── fragment-cache@0.2.1
27 silly idealTree:prePrune ├── fresh@0.5.2
27 silly idealTree:prePrune ├── get-stream@3.0.0
27 silly idealTree:prePrune ├── get-value@2.0.6
27 silly idealTree:prePrune ├─┬ glob-parent@3.1.0
27 silly idealTree:prePrune │ └── is-glob@3.1.0
27 silly idealTree:prePrune ├── global-dirs@0.1.1
27 silly idealTree:prePrune ├── got@6.7.1
27 silly idealTree:prePrune ├── graceful-fs@4.2.3
27 silly idealTree:prePrune ├── has-flag@3.0.0
27 silly idealTree:prePrune ├── has-value@1.0.0
27 silly idealTree:prePrune ├─┬ has-values@1.0.0
27 silly idealTree:prePrune │ └── kind-of@4.0.0
27 silly idealTree:prePrune ├── http-errors@1.7.2
27 silly idealTree:prePrune ├── iconv-lite@0.4.24
27 silly idealTree:prePrune ├── ignore-by-default@1.0.1
27 silly idealTree:prePrune ├── import-lazy@2.1.0
27 silly idealTree:prePrune ├── imurmurhash@0.1.4
27 silly idealTree:prePrune ├── inflection@1.12.0
27 silly idealTree:prePrune ├── inherits@2.0.3
27 silly idealTree:prePrune ├── ini@1.3.5
27 silly idealTree:prePrune ├── ipaddr.js@1.9.0
27 silly idealTree:prePrune ├─┬ is-accessor-descriptor@0.1.6
27 silly idealTree:prePrune │ └── kind-of@3.2.2
27 silly idealTree:prePrune ├── is-binary-path@1.0.1
27 silly idealTree:prePrune ├── is-bluebird@1.0.2
27 silly idealTree:prePrune ├── is-buffer@1.1.6
27 silly idealTree:prePrune ├── is-ci@1.2.1
27 silly idealTree:prePrune ├─┬ is-data-descriptor@0.1.4
27 silly idealTree:prePrune │ └── kind-of@3.2.2
27 silly idealTree:prePrune ├─┬ is-descriptor@0.1.6
27 silly idealTree:prePrune │ └── kind-of@5.1.0
27 silly idealTree:prePrune ├── is-extendable@0.1.1
27 silly idealTree:prePrune ├── is-extglob@2.1.1
27 silly idealTree:prePrune ├── is-fullwidth-code-point@2.0.0
27 silly idealTree:prePrune ├── is-glob@4.0.1
27 silly idealTree:prePrune ├── is-installed-globally@0.1.0
27 silly idealTree:prePrune ├── is-npm@1.0.0
27 silly idealTree:prePrune ├─┬ is-number@3.0.0
27 silly idealTree:prePrune │ └── kind-of@3.2.2
27 silly idealTree:prePrune ├── is-obj@1.0.1
27 silly idealTree:prePrune ├── is-path-inside@1.0.1
27 silly idealTree:prePrune ├── is-plain-object@2.0.4
27 silly idealTree:prePrune ├── is-redirect@1.0.0
27 silly idealTree:prePrune ├── is-retry-allowed@1.2.0
27 silly idealTree:prePrune ├── is-stream@1.1.0
27 silly idealTree:prePrune ├── is-windows@1.0.2
27 silly idealTree:prePrune ├── isarray@1.0.0
27 silly idealTree:prePrune ├── isexe@2.0.0
27 silly idealTree:prePrune ├── isobject@3.0.1
27 silly idealTree:prePrune ├── kind-of@6.0.2
27 silly idealTree:prePrune ├── latest-version@3.1.0
27 silly idealTree:prePrune ├── lodash@4.17.15
27 silly idealTree:prePrune ├── lowercase-keys@1.0.1
27 silly idealTree:prePrune ├── lru-cache@4.1.5
27 silly idealTree:prePrune ├── make-dir@1.3.0
27 silly idealTree:prePrune ├── map-cache@0.2.2
27 silly idealTree:prePrune ├── map-visit@1.0.0
27 silly idealTree:prePrune ├── media-typer@0.3.0
27 silly idealTree:prePrune ├── merge-descriptors@1.0.1
27 silly idealTree:prePrune ├── methods@1.1.2
27 silly idealTree:prePrune ├── micromatch@3.1.10
27 silly idealTree:prePrune ├── mime-db@1.40.0
27 silly idealTree:prePrune ├── mime-types@2.1.24
27 silly idealTree:prePrune ├── mime@1.6.0
27 silly idealTree:prePrune ├── minimatch@3.0.4
27 silly idealTree:prePrune ├── minimist@1.2.0
27 silly idealTree:prePrune ├─┬ mixin-deep@1.3.2
27 silly idealTree:prePrune │ └── is-extendable@1.0.1
27 silly idealTree:prePrune ├── moment-timezone@0.5.27
27 silly idealTree:prePrune ├── moment@2.24.0
27 silly idealTree:prePrune ├── morgan@1.9.1
27 silly idealTree:prePrune ├── ms@2.0.0
27 silly idealTree:prePrune ├── nanomatch@1.2.13
27 silly idealTree:prePrune ├── negotiator@0.6.2
27 silly idealTree:prePrune ├─┬ nodemon@1.19.4
27 silly idealTree:prePrune │ ├── debug@3.2.6
27 silly idealTree:prePrune │ ├── ms@2.1.2
27 silly idealTree:prePrune │ └── semver@5.7.1
27 silly idealTree:prePrune ├── nopt@1.0.10
27 silly idealTree:prePrune ├── normalize-path@3.0.0
27 silly idealTree:prePrune ├── npm-run-path@2.0.2
27 silly idealTree:prePrune ├── oauth@0.9.15
27 silly idealTree:prePrune ├── object-assign@4.1.1
27 silly idealTree:prePrune ├─┬ object-copy@0.1.0
27 silly idealTree:prePrune │ ├── define-property@0.2.5
27 silly idealTree:prePrune │ └── kind-of@3.2.2
27 silly idealTree:prePrune ├── object-visit@1.0.1
27 silly idealTree:prePrune ├── object.pick@1.3.0
27 silly idealTree:prePrune ├── on-finished@2.3.0
27 silly idealTree:prePrune ├── on-headers@1.0.2
27 silly idealTree:prePrune ├── p-finally@1.0.0
27 silly idealTree:prePrune ├─┬ package-json@4.0.1
27 silly idealTree:prePrune │ └── semver@5.7.1
27 silly idealTree:prePrune ├── packet-reader@1.0.0
27 silly idealTree:prePrune ├── parseurl@1.3.3
27 silly idealTree:prePrune ├── pascalcase@0.1.1
27 silly idealTree:prePrune ├── passport-facebook@3.0.0
27 silly idealTree:prePrune ├── passport-google-oauth@2.0.0
27 silly idealTree:prePrune ├── passport-google-oauth1@1.0.0
27 silly idealTree:prePrune ├── passport-google-oauth20@2.0.0
27 silly idealTree:prePrune ├── passport-local@1.0.0
27 silly idealTree:prePrune ├── passport-oauth1@1.1.0
27 silly idealTree:prePrune ├── passport-oauth2@1.5.0
27 silly idealTree:prePrune ├── passport-strategy@1.0.0
27 silly idealTree:prePrune ├── passport@0.4.0
27 silly idealTree:prePrune ├── path-dirname@1.0.2
27 silly idealTree:prePrune ├── path-is-absolute@1.0.1
27 silly idealTree:prePrune ├── path-is-inside@1.0.2
27 silly idealTree:prePrune ├── path-key@2.0.1
27 silly idealTree:prePrune ├── path-to-regexp@0.1.7
27 silly idealTree:prePrune ├── pause@0.0.1
27 silly idealTree:prePrune ├── pg-connection-string@0.1.3
27 silly idealTree:prePrune ├── pg-int8@1.0.1
27 silly idealTree:prePrune ├── pg-pool@2.0.7
27 silly idealTree:prePrune ├── pg-types@2.2.0
27 silly idealTree:prePrune ├── pg@7.12.1
27 silly idealTree:prePrune ├── pgpass@1.0.2
27 silly idealTree:prePrune ├── pify@3.0.0
27 silly idealTree:prePrune ├── posix-character-classes@0.1.1
27 silly idealTree:prePrune ├── postgres-array@2.0.0
27 silly idealTree:prePrune ├── postgres-bytea@1.0.0
27 silly idealTree:prePrune ├── postgres-date@1.0.4
27 silly idealTree:prePrune ├── postgres-interval@1.2.0
27 silly idealTree:prePrune ├── prepend-http@1.0.4
27 silly idealTree:prePrune ├── process-nextick-args@2.0.1
27 silly idealTree:prePrune ├── proxy-addr@2.0.5
27 silly idealTree:prePrune ├── pseudomap@1.0.2
27 silly idealTree:prePrune ├── pstree.remy@1.1.7
27 silly idealTree:prePrune ├── qs@6.7.0
27 silly idealTree:prePrune ├── random-bytes@1.0.0
27 silly idealTree:prePrune ├── range-parser@1.2.1
27 silly idealTree:prePrune ├── raw-body@2.4.0
27 silly idealTree:prePrune ├── rc@1.2.8
27 silly idealTree:prePrune ├── readable-stream@2.3.6
27 silly idealTree:prePrune ├── readdirp@2.2.1
27 silly idealTree:prePrune ├── regex-not@1.0.2
27 silly idealTree:prePrune ├── registry-auth-token@3.4.0
27 silly idealTree:prePrune ├── registry-url@3.1.0
27 silly idealTree:prePrune ├── remove-trailing-separator@1.1.0
27 silly idealTree:prePrune ├── repeat-element@1.1.3
27 silly idealTree:prePrune ├── repeat-string@1.6.1
27 silly idealTree:prePrune ├── resolve-url@0.2.1
27 silly idealTree:prePrune ├── ret@0.1.15
27 silly idealTree:prePrune ├── retry-as-promised@3.2.0
27 silly idealTree:prePrune ├── safe-buffer@5.1.2
27 silly idealTree:prePrune ├── safe-regex@1.1.0
27 silly idealTree:prePrune ├── safer-buffer@2.1.2
27 silly idealTree:prePrune ├─┬ semver-diff@2.1.0
27 silly idealTree:prePrune │ └── semver@5.7.1
27 silly idealTree:prePrune ├── semver@4.3.2
27 silly idealTree:prePrune ├─┬ send@0.17.1
27 silly idealTree:prePrune │ └── ms@2.1.1
27 silly idealTree:prePrune ├── sequelize-pool@2.3.0
27 silly idealTree:prePrune ├─┬ sequelize@5.21.2
27 silly idealTree:prePrune │ ├── debug@4.1.1
27 silly idealTree:prePrune │ ├── ms@2.1.2
27 silly idealTree:prePrune │ └── semver@6.3.0
27 silly idealTree:prePrune ├── serve-static@1.14.1
27 silly idealTree:prePrune ├─┬ set-value@2.0.1
27 silly idealTree:prePrune │ └── extend-shallow@2.0.1
27 silly idealTree:prePrune ├── setprototypeof@1.1.1
27 silly idealTree:prePrune ├── shebang-command@1.2.0
27 silly idealTree:prePrune ├── shebang-regex@1.0.0
27 silly idealTree:prePrune ├── shimmer@1.2.1
27 silly idealTree:prePrune ├── signal-exit@3.0.2
27 silly idealTree:prePrune ├─┬ snapdragon-node@2.1.1
27 silly idealTree:prePrune │ ├── define-property@1.0.0
27 silly idealTree:prePrune │ ├── is-accessor-descriptor@1.0.0
27 silly idealTree:prePrune │ ├── is-data-descriptor@1.0.0
27 silly idealTree:prePrune │ └── is-descriptor@1.0.2
27 silly idealTree:prePrune ├─┬ snapdragon-util@3.0.1
27 silly idealTree:prePrune │ └── kind-of@3.2.2
27 silly idealTree:prePrune ├─┬ snapdragon@0.8.2
27 silly idealTree:prePrune │ ├── define-property@0.2.5
27 silly idealTree:prePrune │ └── extend-shallow@2.0.1
27 silly idealTree:prePrune ├── source-map-resolve@0.5.2
27 silly idealTree:prePrune ├── source-map-url@0.4.0
27 silly idealTree:prePrune ├── source-map@0.5.7
27 silly idealTree:prePrune ├── split-string@3.1.0
27 silly idealTree:prePrune ├── split@1.0.1
27 silly idealTree:prePrune ├─┬ static-extend@0.1.2
27 silly idealTree:prePrune │ └── define-property@0.2.5
27 silly idealTree:prePrune ├── statuses@1.5.0
27 silly idealTree:prePrune ├── string_decoder@1.1.1
27 silly idealTree:prePrune ├── string-width@2.1.1
27 silly idealTree:prePrune ├── strip-ansi@4.0.0
27 silly idealTree:prePrune ├── strip-eof@1.0.0
27 silly idealTree:prePrune ├── strip-json-comments@2.0.1
27 silly idealTree:prePrune ├── supports-color@5.5.0
27 silly idealTree:prePrune ├── term-size@1.2.0
27 silly idealTree:prePrune ├── through@2.3.8
27 silly idealTree:prePrune ├── timed-out@4.0.1
27 silly idealTree:prePrune ├─┬ to-object-path@0.3.0
27 silly idealTree:prePrune │ └── kind-of@3.2.2
27 silly idealTree:prePrune ├── to-regex-range@2.1.1
27 silly idealTree:prePrune ├── to-regex@3.0.2
27 silly idealTree:prePrune ├── toidentifier@1.0.0
27 silly idealTree:prePrune ├── toposort-class@1.0.1
27 silly idealTree:prePrune ├── touch@3.1.0
27 silly idealTree:prePrune ├── type-is@1.6.18
27 silly idealTree:prePrune ├── uid-safe@2.1.5
27 silly idealTree:prePrune ├── uid2@0.0.3
27 silly idealTree:prePrune ├── undefsafe@2.0.2
27 silly idealTree:prePrune ├── union-value@1.0.1
27 silly idealTree:prePrune ├── unique-string@1.0.0
27 silly idealTree:prePrune ├── unpipe@1.0.0
27 silly idealTree:prePrune ├─┬ unset-value@1.0.0
27 silly idealTree:prePrune │ ├─┬ has-value@0.3.1
27 silly idealTree:prePrune │ │ └── isobject@2.1.0
27 silly idealTree:prePrune │ └── has-values@0.1.4
27 silly idealTree:prePrune ├── unzip-response@2.0.1
27 silly idealTree:prePrune ├── upath@1.2.0
27 silly idealTree:prePrune ├── update-notifier@2.5.0
27 silly idealTree:prePrune ├── urix@0.1.0
27 silly idealTree:prePrune ├── url-parse-lax@1.0.0
27 silly idealTree:prePrune ├── use@3.1.1
27 silly idealTree:prePrune ├── util-deprecate@1.0.2
27 silly idealTree:prePrune ├── utils-merge@1.0.1
27 silly idealTree:prePrune ├── uuid@3.3.3
27 silly idealTree:prePrune ├── validator@10.11.0
27 silly idealTree:prePrune ├── vary@1.1.2
27 silly idealTree:prePrune ├── which@1.3.1
27 silly idealTree:prePrune ├── widest-line@2.0.1
27 silly idealTree:prePrune ├── wkx@0.4.8
27 silly idealTree:prePrune ├── write-file-atomic@2.4.3
27 silly idealTree:prePrune ├── xdg-basedir@3.0.0
27 silly idealTree:prePrune ├── xtend@4.0.2
27 silly idealTree:prePrune └── yallist@2.1.2
28 silly loadIdealTree Finishing
29 silly currentTree ecommerce-back@1.0.0
29 silly currentTree ├── @types/node@12.12.6
29 silly currentTree ├── abbrev@1.1.1
29 silly currentTree ├── accepts@1.3.7
29 silly currentTree ├── ansi-align@2.0.0
29 silly currentTree ├── ansi-regex@3.0.0
29 silly currentTree ├── ansi-styles@3.2.1
29 silly currentTree ├── any-promise@1.3.0
29 silly currentTree ├─┬ anymatch@2.0.0
29 silly currentTree │ └── normalize-path@2.1.1
29 silly currentTree ├── arr-diff@4.0.0
29 silly currentTree ├── arr-flatten@1.1.0
29 silly currentTree ├── arr-union@3.1.0
29 silly currentTree ├── array-flatten@1.1.1
29 silly currentTree ├── array-unique@0.3.2
29 silly currentTree ├── assign-symbols@1.0.0
29 silly currentTree ├── async-each@1.0.3
29 silly currentTree ├── atob@2.1.2
29 silly currentTree ├── balanced-match@1.0.0
29 silly currentTree ├─┬ base@0.11.2
29 silly currentTree │ ├── define-property@1.0.0
29 silly currentTree │ ├── is-accessor-descriptor@1.0.0
29 silly currentTree │ ├── is-data-descriptor@1.0.0
29 silly currentTree │ └── is-descriptor@1.0.2
29 silly currentTree ├── base64url@3.0.1
29 silly currentTree ├── basic-auth@2.0.1
29 silly currentTree ├── binary-extensions@1.13.1
29 silly currentTree ├── bluebird@3.7.1
29 silly currentTree ├── body-parser@1.19.0
29 silly currentTree ├── boxen@1.3.0
29 silly currentTree ├── brace-expansion@1.1.11
29 silly currentTree ├─┬ braces@2.3.2
29 silly currentTree │ └── extend-shallow@2.0.1
29 silly currentTree ├── buffer-writer@2.0.0
29 silly currentTree ├── bytes@3.1.0
29 silly currentTree ├── cache-base@1.0.1
29 silly currentTree ├── camelcase@4.1.0
29 silly currentTree ├── capture-stack-trace@1.0.1
29 silly currentTree ├── chalk@2.4.2
29 silly currentTree ├── chokidar@2.1.8
29 silly currentTree ├── ci-info@1.6.0
29 silly currentTree ├─┬ class-utils@0.3.6
29 silly currentTree │ └── define-property@0.2.5
29 silly currentTree ├── cli-boxes@1.0.0
29 silly currentTree ├── cls-bluebird@2.1.0
29 silly currentTree ├── collection-visit@1.0.0
29 silly currentTree ├── color-convert@1.9.3
29 silly currentTree ├── color-name@1.1.3
29 silly currentTree ├── component-emitter@1.3.0
29 silly currentTree ├── concat-map@0.0.1
29 silly currentTree ├── configstore@3.1.2
29 silly currentTree ├── content-disposition@0.5.3
29 silly currentTree ├── content-type@1.0.4
29 silly currentTree ├── cookie-parser@1.4.4
29 silly currentTree ├── cookie-signature@1.0.6
29 silly currentTree ├── cookie@0.3.1
29 silly currentTree ├── copy-descriptor@0.1.1
29 silly currentTree ├── core-util-is@1.0.2
29 silly currentTree ├── cors@2.8.5
29 silly currentTree ├── create-error-class@3.0.2
29 silly currentTree ├── cross-spawn@5.1.0
29 silly currentTree ├── crypto-random-string@1.0.0
29 silly currentTree ├── debug@2.6.9
29 silly currentTree ├── decode-uri-component@0.2.0
29 silly currentTree ├── deep-extend@0.6.0
29 silly currentTree ├─┬ define-property@2.0.2
29 silly currentTree │ ├── is-accessor-descriptor@1.0.0
29 silly currentTree │ ├── is-data-descriptor@1.0.0
29 silly currentTree │ └── is-descriptor@1.0.2
29 silly currentTree ├── depd@1.1.2
29 silly currentTree ├── destroy@1.0.4
29 silly currentTree ├── dot-prop@4.2.0
29 silly currentTree ├── dotenv@8.2.0
29 silly currentTree ├── dottie@2.0.1
29 silly currentTree ├── duplexer3@0.1.4
29 silly currentTree ├── ee-first@1.1.1
29 silly currentTree ├── encodeurl@1.0.2
29 silly currentTree ├── escape-html@1.0.3
29 silly currentTree ├── escape-string-regexp@1.0.5
29 silly currentTree ├── etag@1.8.1
29 silly currentTree ├── execa@0.7.0
29 silly currentTree ├─┬ expand-brackets@2.1.4
29 silly currentTree │ ├── define-property@0.2.5
29 silly currentTree │ └── extend-shallow@2.0.1
29 silly currentTree ├─┬ express-session@1.17.0
29 silly currentTree │ ├── cookie@0.4.0
29 silly currentTree │ ├── depd@2.0.0
29 silly currentTree │ └── safe-buffer@5.2.0
29 silly currentTree ├─┬ express@4.17.1
29 silly currentTree │ └── cookie@0.4.0
29 silly currentTree ├─┬ extend-shallow@3.0.2
29 silly currentTree │ └── is-extendable@1.0.1
29 silly currentTree ├─┬ extglob@2.0.4
29 silly currentTree │ ├── define-property@1.0.0
29 silly currentTree │ ├── extend-shallow@2.0.1
29 silly currentTree │ ├── is-accessor-descriptor@1.0.0
29 silly currentTree │ ├── is-data-descriptor@1.0.0
29 silly currentTree │ └── is-descriptor@1.0.2
29 silly currentTree ├─┬ fill-range@4.0.0
29 silly currentTree │ └── extend-shallow@2.0.1
29 silly currentTree ├── finalhandler@1.1.2
29 silly currentTree ├── for-in@1.0.2
29 silly currentTree ├── forwarded@0.1.2
29 silly currentTree ├── fragment-cache@0.2.1
29 silly currentTree ├── fresh@0.5.2
29 silly currentTree ├── get-stream@3.0.0
29 silly currentTree ├── get-value@2.0.6
29 silly currentTree ├─┬ glob-parent@3.1.0
29 silly currentTree │ └── is-glob@3.1.0
29 silly currentTree ├── global-dirs@0.1.1
29 silly currentTree ├── got@6.7.1
29 silly currentTree ├── graceful-fs@4.2.3
29 silly currentTree ├── has-flag@3.0.0
29 silly currentTree ├── has-value@1.0.0
29 silly currentTree ├─┬ has-values@1.0.0
29 silly currentTree │ └── kind-of@4.0.0
29 silly currentTree ├── http-errors@1.7.2
29 silly currentTree ├── iconv-lite@0.4.24
29 silly currentTree ├── ignore-by-default@1.0.1
29 silly currentTree ├── import-lazy@2.1.0
29 silly currentTree ├── imurmurhash@0.1.4
29 silly currentTree ├── inflection@1.12.0
29 silly currentTree ├── inherits@2.0.3
29 silly currentTree ├── ini@1.3.5
29 silly currentTree ├── ipaddr.js@1.9.0
29 silly currentTree ├─┬ is-accessor-descriptor@0.1.6
29 silly currentTree │ └── kind-of@3.2.2
29 silly currentTree ├── is-binary-path@1.0.1
29 silly currentTree ├── is-bluebird@1.0.2
29 silly currentTree ├── is-buffer@1.1.6
29 silly currentTree ├── is-ci@1.2.1
29 silly currentTree ├─┬ is-data-descriptor@0.1.4
29 silly currentTree │ └── kind-of@3.2.2
29 silly currentTree ├─┬ is-descriptor@0.1.6
29 silly currentTree │ └── kind-of@5.1.0
29 silly currentTree ├── is-extendable@0.1.1
29 silly currentTree ├── is-extglob@2.1.1
29 silly currentTree ├── is-fullwidth-code-point@2.0.0
29 silly currentTree ├── is-glob@4.0.1
29 silly currentTree ├── is-installed-globally@0.1.0
29 silly currentTree ├── is-npm@1.0.0
29 silly currentTree ├─┬ is-number@3.0.0
29 silly currentTree │ └── kind-of@3.2.2
29 silly currentTree ├── is-obj@1.0.1
29 silly currentTree ├── is-path-inside@1.0.1
29 silly currentTree ├── is-plain-object@2.0.4
29 silly currentTree ├── is-redirect@1.0.0
29 silly currentTree ├── is-retry-allowed@1.2.0
29 silly currentTree ├── is-stream@1.1.0
29 silly currentTree ├── is-windows@1.0.2
29 silly currentTree ├── isarray@1.0.0
29 silly currentTree ├── isexe@2.0.0
29 silly currentTree ├── isobject@3.0.1
29 silly currentTree ├── kind-of@6.0.2
29 silly currentTree ├── latest-version@3.1.0
29 silly currentTree ├── lodash@4.17.15
29 silly currentTree ├── lowercase-keys@1.0.1
29 silly currentTree ├── lru-cache@4.1.5
29 silly currentTree ├── make-dir@1.3.0
29 silly currentTree ├── map-cache@0.2.2
29 silly currentTree ├── map-visit@1.0.0
29 silly currentTree ├── media-typer@0.3.0
29 silly currentTree ├── merge-descriptors@1.0.1
29 silly currentTree ├── methods@1.1.2
29 silly currentTree ├── micromatch@3.1.10
29 silly currentTree ├── mime-db@1.40.0
29 silly currentTree ├── mime-types@2.1.24
29 silly currentTree ├── mime@1.6.0
29 silly currentTree ├── minimatch@3.0.4
29 silly currentTree ├── minimist@1.2.0
29 silly currentTree ├─┬ mixin-deep@1.3.2
29 silly currentTree │ └── is-extendable@1.0.1
29 silly currentTree ├── moment-timezone@0.5.27
29 silly currentTree ├── moment@2.24.0
29 silly currentTree ├── morgan@1.9.1
29 silly currentTree ├── ms@2.0.0
29 silly currentTree ├── nanomatch@1.2.13
29 silly currentTree ├── negotiator@0.6.2
29 silly currentTree ├─┬ nodemon@1.19.4
29 silly currentTree │ ├── debug@3.2.6
29 silly currentTree │ ├── ms@2.1.2
29 silly currentTree │ └── semver@5.7.1
29 silly currentTree ├── nopt@1.0.10
29 silly currentTree ├── normalize-path@3.0.0
29 silly currentTree ├── npm-run-path@2.0.2
29 silly currentTree ├── oauth@0.9.15
29 silly currentTree ├── object-assign@4.1.1
29 silly currentTree ├─┬ object-copy@0.1.0
29 silly currentTree │ ├── define-property@0.2.5
29 silly currentTree │ └── kind-of@3.2.2
29 silly currentTree ├── object-visit@1.0.1
29 silly currentTree ├── object.pick@1.3.0
29 silly currentTree ├── on-finished@2.3.0
29 silly currentTree ├── on-headers@1.0.2
29 silly currentTree ├── p-finally@1.0.0
29 silly currentTree ├─┬ package-json@4.0.1
29 silly currentTree │ └── semver@5.7.1
29 silly currentTree ├── packet-reader@1.0.0
29 silly currentTree ├── parseurl@1.3.3
29 silly currentTree ├── pascalcase@0.1.1
29 silly currentTree ├── passport-facebook@3.0.0
29 silly currentTree ├── passport-google-oauth@2.0.0
29 silly currentTree ├── passport-google-oauth1@1.0.0
29 silly currentTree ├── passport-google-oauth20@2.0.0
29 silly currentTree ├── passport-local@1.0.0
29 silly currentTree ├── passport-oauth1@1.1.0
29 silly currentTree ├── passport-oauth2@1.5.0
29 silly currentTree ├── passport-strategy@1.0.0
29 silly currentTree ├── passport@0.4.0
29 silly currentTree ├── path-dirname@1.0.2
29 silly currentTree ├── path-is-absolute@1.0.1
29 silly currentTree ├── path-is-inside@1.0.2
29 silly currentTree ├── path-key@2.0.1
29 silly currentTree ├── path-to-regexp@0.1.7
29 silly currentTree ├── pause@0.0.1
29 silly currentTree ├── pg-connection-string@0.1.3
29 silly currentTree ├── pg-int8@1.0.1
29 silly currentTree ├── pg-pool@2.0.7
29 silly currentTree ├── pg-types@2.2.0
29 silly currentTree ├── pg@7.12.1
29 silly currentTree ├── pgpass@1.0.2
29 silly currentTree ├── pify@3.0.0
29 silly currentTree ├── posix-character-classes@0.1.1
29 silly currentTree ├── postgres-array@2.0.0
29 silly currentTree ├── postgres-bytea@1.0.0
29 silly currentTree ├── postgres-date@1.0.4
29 silly currentTree ├── postgres-interval@1.2.0
29 silly currentTree ├── prepend-http@1.0.4
29 silly currentTree ├── process-nextick-args@2.0.1
29 silly currentTree ├── proxy-addr@2.0.5
29 silly currentTree ├── pseudomap@1.0.2
29 silly currentTree ├── pstree.remy@1.1.7
29 silly currentTree ├── qs@6.7.0
29 silly currentTree ├── random-bytes@1.0.0
29 silly currentTree ├── range-parser@1.2.1
29 silly currentTree ├── raw-body@2.4.0
29 silly currentTree ├── rc@1.2.8
29 silly currentTree ├── readable-stream@2.3.6
29 silly currentTree ├── readdirp@2.2.1
29 silly currentTree ├── regex-not@1.0.2
29 silly currentTree ├── registry-auth-token@3.4.0
29 silly currentTree ├── registry-url@3.1.0
29 silly currentTree ├── remove-trailing-separator@1.1.0
29 silly currentTree ├── repeat-element@1.1.3
29 silly currentTree ├── repeat-string@1.6.1
29 silly currentTree ├── resolve-url@0.2.1
29 silly currentTree ├── ret@0.1.15
29 silly currentTree ├── retry-as-promised@3.2.0
29 silly currentTree ├── safe-buffer@5.1.2
29 silly currentTree ├── safe-regex@1.1.0
29 silly currentTree ├── safer-buffer@2.1.2
29 silly currentTree ├─┬ semver-diff@2.1.0
29 silly currentTree │ └── semver@5.7.1
29 silly currentTree ├── semver@4.3.2
29 silly currentTree ├─┬ send@0.17.1
29 silly currentTree │ └── ms@2.1.1
29 silly currentTree ├── sequelize-pool@2.3.0
29 silly currentTree ├─┬ sequelize@5.21.2
29 silly currentTree │ ├── debug@4.1.1
29 silly currentTree │ ├── ms@2.1.2
29 silly currentTree │ └── semver@6.3.0
29 silly currentTree ├── serve-static@1.14.1
29 silly currentTree ├─┬ set-value@2.0.1
29 silly currentTree │ └── extend-shallow@2.0.1
29 silly currentTree ├── setprototypeof@1.1.1
29 silly currentTree ├── shebang-command@1.2.0
29 silly currentTree ├── shebang-regex@1.0.0
29 silly currentTree ├── shimmer@1.2.1
29 silly currentTree ├── signal-exit@3.0.2
29 silly currentTree ├─┬ snapdragon-node@2.1.1
29 silly currentTree │ ├── define-property@1.0.0
29 silly currentTree │ ├── is-accessor-descriptor@1.0.0
29 silly currentTree │ ├── is-data-descriptor@1.0.0
29 silly currentTree │ └── is-descriptor@1.0.2
29 silly currentTree ├─┬ snapdragon-util@3.0.1
29 silly currentTree │ └── kind-of@3.2.2
29 silly currentTree ├─┬ snapdragon@0.8.2
29 silly currentTree │ ├── define-property@0.2.5
29 silly currentTree │ └── extend-shallow@2.0.1
29 silly currentTree ├── source-map-resolve@0.5.2
29 silly currentTree ├── source-map-url@0.4.0
29 silly currentTree ├── source-map@0.5.7
29 silly currentTree ├── split-string@3.1.0
29 silly currentTree ├── split@1.0.1
29 silly currentTree ├─┬ static-extend@0.1.2
29 silly currentTree │ └── define-property@0.2.5
29 silly currentTree ├── statuses@1.5.0
29 silly currentTree ├── string_decoder@1.1.1
29 silly currentTree ├── string-width@2.1.1
29 silly currentTree ├── strip-ansi@4.0.0
29 silly currentTree ├── strip-eof@1.0.0
29 silly currentTree ├── strip-json-comments@2.0.1
29 silly currentTree ├── supports-color@5.5.0
29 silly currentTree ├── term-size@1.2.0
29 silly currentTree ├── through@2.3.8
29 silly currentTree ├── timed-out@4.0.1
29 silly currentTree ├─┬ to-object-path@0.3.0
29 silly currentTree │ └── kind-of@3.2.2
29 silly currentTree ├── to-regex-range@2.1.1
29 silly currentTree ├── to-regex@3.0.2
29 silly currentTree ├── toidentifier@1.0.0
29 silly currentTree ├── toposort-class@1.0.1
29 silly currentTree ├── touch@3.1.0
29 silly currentTree ├── type-is@1.6.18
29 silly currentTree ├── uid-safe@2.1.5
29 silly currentTree ├── uid2@0.0.3
29 silly currentTree ├── undefsafe@2.0.2
29 silly currentTree ├── union-value@1.0.1
29 silly currentTree ├── unique-string@1.0.0
29 silly currentTree ├── unpipe@1.0.0
29 silly currentTree ├─┬ unset-value@1.0.0
29 silly currentTree │ ├─┬ has-value@0.3.1
29 silly currentTree │ │ └── isobject@2.1.0
29 silly currentTree │ └── has-values@0.1.4
29 silly currentTree ├── unzip-response@2.0.1
29 silly currentTree ├── upath@1.2.0
29 silly currentTree ├── update-notifier@2.5.0
29 silly currentTree ├── urix@0.1.0
29 silly currentTree ├── url-parse-lax@1.0.0
29 silly currentTree ├── use@3.1.1
29 silly currentTree ├── util-deprecate@1.0.2
29 silly currentTree ├── utils-merge@1.0.1
29 silly currentTree ├── uuid@3.3.3
29 silly currentTree ├── validator@10.11.0
29 silly currentTree ├── vary@1.1.2
29 silly currentTree ├── which@1.3.1
29 silly currentTree ├── widest-line@2.0.1
29 silly currentTree ├── wkx@0.4.8
29 silly currentTree ├── write-file-atomic@2.4.3
29 silly currentTree ├── xdg-basedir@3.0.0
29 silly currentTree ├── xtend@4.0.2
29 silly currentTree └── yallist@2.1.2
30 silly idealTree ecommerce-back@1.0.0
30 silly idealTree ├── @types/node@12.12.6
30 silly idealTree ├── abbrev@1.1.1
30 silly idealTree ├── accepts@1.3.7
30 silly idealTree ├── ansi-align@2.0.0
30 silly idealTree ├── ansi-regex@3.0.0
30 silly idealTree ├── ansi-styles@3.2.1
30 silly idealTree ├── any-promise@1.3.0
30 silly idealTree ├─┬ anymatch@2.0.0
30 silly idealTree │ └── normalize-path@2.1.1
30 silly idealTree ├── arr-diff@4.0.0
30 silly idealTree ├── arr-flatten@1.1.0
30 silly idealTree ├── arr-union@3.1.0
30 silly idealTree ├── array-flatten@1.1.1
30 silly idealTree ├── array-unique@0.3.2
30 silly idealTree ├── assign-symbols@1.0.0
30 silly idealTree ├── async-each@1.0.3
30 silly idealTree ├── atob@2.1.2
30 silly idealTree ├── balanced-match@1.0.0
30 silly idealTree ├─┬ base@0.11.2
30 silly idealTree │ ├── define-property@1.0.0
30 silly idealTree │ ├── is-accessor-descriptor@1.0.0
30 silly idealTree │ ├── is-data-descriptor@1.0.0
30 silly idealTree │ └── is-descriptor@1.0.2
30 silly idealTree ├── base64url@3.0.1
30 silly idealTree ├── basic-auth@2.0.1
30 silly idealTree ├── binary-extensions@1.13.1
30 silly idealTree ├── bluebird@3.7.1
30 silly idealTree ├── body-parser@1.19.0
30 silly idealTree ├── boxen@1.3.0
30 silly idealTree ├── brace-expansion@1.1.11
30 silly idealTree ├─┬ braces@2.3.2
30 silly idealTree │ └── extend-shallow@2.0.1
30 silly idealTree ├── buffer-writer@2.0.0
30 silly idealTree ├── bytes@3.1.0
30 silly idealTree ├── cache-base@1.0.1
30 silly idealTree ├── camelcase@4.1.0
30 silly idealTree ├── capture-stack-trace@1.0.1
30 silly idealTree ├── chalk@2.4.2
30 silly idealTree ├── chokidar@2.1.8
30 silly idealTree ├── ci-info@1.6.0
30 silly idealTree ├─┬ class-utils@0.3.6
30 silly idealTree │ └── define-property@0.2.5
30 silly idealTree ├── cli-boxes@1.0.0
30 silly idealTree ├── cls-bluebird@2.1.0
30 silly idealTree ├── collection-visit@1.0.0
30 silly idealTree ├── color-convert@1.9.3
30 silly idealTree ├── color-name@1.1.3
30 silly idealTree ├── component-emitter@1.3.0
30 silly idealTree ├── concat-map@0.0.1
30 silly idealTree ├── configstore@3.1.2
30 silly idealTree ├── content-disposition@0.5.3
30 silly idealTree ├── content-type@1.0.4
30 silly idealTree ├── cookie-parser@1.4.4
30 silly idealTree ├── cookie-signature@1.0.6
30 silly idealTree ├── cookie@0.3.1
30 silly idealTree ├── copy-descriptor@0.1.1
30 silly idealTree ├── core-util-is@1.0.2
30 silly idealTree ├── cors@2.8.5
30 silly idealTree ├── create-error-class@3.0.2
30 silly idealTree ├── cross-spawn@5.1.0
30 silly idealTree ├── crypto-random-string@1.0.0
30 silly idealTree ├── debug@2.6.9
30 silly idealTree ├── decode-uri-component@0.2.0
30 silly idealTree ├── deep-extend@0.6.0
30 silly idealTree ├─┬ define-property@2.0.2
30 silly idealTree │ ├── is-accessor-descriptor@1.0.0
30 silly idealTree │ ├── is-data-descriptor@1.0.0
30 silly idealTree │ └── is-descriptor@1.0.2
30 silly idealTree ├── depd@1.1.2
30 silly idealTree ├── destroy@1.0.4
30 silly idealTree ├── dot-prop@4.2.0
30 silly idealTree ├── dotenv@8.2.0
30 silly idealTree ├── dottie@2.0.1
30 silly idealTree ├── duplexer3@0.1.4
30 silly idealTree ├── ee-first@1.1.1
30 silly idealTree ├── encodeurl@1.0.2
30 silly idealTree ├── escape-html@1.0.3
30 silly idealTree ├── escape-string-regexp@1.0.5
30 silly idealTree ├── etag@1.8.1
30 silly idealTree ├── execa@0.7.0
30 silly idealTree ├─┬ expand-brackets@2.1.4
30 silly idealTree │ ├── define-property@0.2.5
30 silly idealTree │ └── extend-shallow@2.0.1
30 silly idealTree ├─┬ express-session@1.17.0
30 silly idealTree │ ├── cookie@0.4.0
30 silly idealTree │ ├── depd@2.0.0
30 silly idealTree │ └── safe-buffer@5.2.0
30 silly idealTree ├─┬ express@4.17.1
30 silly idealTree │ └── cookie@0.4.0
30 silly idealTree ├─┬ extend-shallow@3.0.2
30 silly idealTree │ └── is-extendable@1.0.1
30 silly idealTree ├─┬ extglob@2.0.4
30 silly idealTree │ ├── define-property@1.0.0
30 silly idealTree │ ├── extend-shallow@2.0.1
30 silly idealTree │ ├── is-accessor-descriptor@1.0.0
30 silly idealTree │ ├── is-data-descriptor@1.0.0
30 silly idealTree │ └── is-descriptor@1.0.2
30 silly idealTree ├─┬ fill-range@4.0.0
30 silly idealTree │ └── extend-shallow@2.0.1
30 silly idealTree ├── finalhandler@1.1.2
30 silly idealTree ├── for-in@1.0.2
30 silly idealTree ├── forwarded@0.1.2
30 silly idealTree ├── fragment-cache@0.2.1
30 silly idealTree ├── fresh@0.5.2
30 silly idealTree ├── get-stream@3.0.0
30 silly idealTree ├── get-value@2.0.6
30 silly idealTree ├─┬ glob-parent@3.1.0
30 silly idealTree │ └── is-glob@3.1.0
30 silly idealTree ├── global-dirs@0.1.1
30 silly idealTree ├── got@6.7.1
30 silly idealTree ├── graceful-fs@4.2.3
30 silly idealTree ├── has-flag@3.0.0
30 silly idealTree ├── has-value@1.0.0
30 silly idealTree ├─┬ has-values@1.0.0
30 silly idealTree │ └── kind-of@4.0.0
30 silly idealTree ├── http-errors@1.7.2
30 silly idealTree ├── iconv-lite@0.4.24
30 silly idealTree ├── ignore-by-default@1.0.1
30 silly idealTree ├── import-lazy@2.1.0
30 silly idealTree ├── imurmurhash@0.1.4
30 silly idealTree ├── inflection@1.12.0
30 silly idealTree ├── inherits@2.0.3
30 silly idealTree ├── ini@1.3.5
30 silly idealTree ├── ipaddr.js@1.9.0
30 silly idealTree ├─┬ is-accessor-descriptor@0.1.6
30 silly idealTree │ └── kind-of@3.2.2
30 silly idealTree ├── is-binary-path@1.0.1
30 silly idealTree ├── is-bluebird@1.0.2
30 silly idealTree ├── is-buffer@1.1.6
30 silly idealTree ├── is-ci@1.2.1
30 silly idealTree ├─┬ is-data-descriptor@0.1.4
30 silly idealTree │ └── kind-of@3.2.2
30 silly idealTree ├─┬ is-descriptor@0.1.6
30 silly idealTree │ └── kind-of@5.1.0
30 silly idealTree ├── is-extendable@0.1.1
30 silly idealTree ├── is-extglob@2.1.1
30 silly idealTree ├── is-fullwidth-code-point@2.0.0
30 silly idealTree ├── is-glob@4.0.1
30 silly idealTree ├── is-installed-globally@0.1.0
30 silly idealTree ├── is-npm@1.0.0
30 silly idealTree ├─┬ is-number@3.0.0
30 silly idealTree │ └── kind-of@3.2.2
30 silly idealTree ├── is-obj@1.0.1
30 silly idealTree ├── is-path-inside@1.0.1
30 silly idealTree ├── is-plain-object@2.0.4
30 silly idealTree ├── is-redirect@1.0.0
30 silly idealTree ├── is-retry-allowed@1.2.0
30 silly idealTree ├── is-stream@1.1.0
30 silly idealTree ├── is-windows@1.0.2
30 silly idealTree ├── isarray@1.0.0
30 silly idealTree ├── isexe@2.0.0
30 silly idealTree ├── isobject@3.0.1
30 silly idealTree ├── kind-of@6.0.2
30 silly idealTree ├── latest-version@3.1.0
30 silly idealTree ├── lodash@4.17.15
30 silly idealTree ├── lowercase-keys@1.0.1
30 silly idealTree ├── lru-cache@4.1.5
30 silly idealTree ├── make-dir@1.3.0
30 silly idealTree ├── map-cache@0.2.2
30 silly idealTree ├── map-visit@1.0.0
30 silly idealTree ├── media-typer@0.3.0
30 silly idealTree ├── merge-descriptors@1.0.1
30 silly idealTree ├── methods@1.1.2
30 silly idealTree ├── micromatch@3.1.10
30 silly idealTree ├── mime-db@1.40.0
30 silly idealTree ├── mime-types@2.1.24
30 silly idealTree ├── mime@1.6.0
30 silly idealTree ├── minimatch@3.0.4
30 silly idealTree ├── minimist@1.2.0
30 silly idealTree ├─┬ mixin-deep@1.3.2
30 silly idealTree │ └── is-extendable@1.0.1
30 silly idealTree ├── moment-timezone@0.5.27
30 silly idealTree ├── moment@2.24.0
30 silly idealTree ├── morgan@1.9.1
30 silly idealTree ├── ms@2.0.0
30 silly idealTree ├── nanomatch@1.2.13
30 silly idealTree ├── negotiator@0.6.2
30 silly idealTree ├─┬ nodemon@1.19.4
30 silly idealTree │ ├── debug@3.2.6
30 silly idealTree │ ├── ms@2.1.2
30 silly idealTree │ └── semver@5.7.1
30 silly idealTree ├── nopt@1.0.10
30 silly idealTree ├── normalize-path@3.0.0
30 silly idealTree ├── npm-run-path@2.0.2
30 silly idealTree ├── oauth@0.9.15
30 silly idealTree ├── object-assign@4.1.1
30 silly idealTree ├─┬ object-copy@0.1.0
30 silly idealTree │ ├── define-property@0.2.5
30 silly idealTree │ └── kind-of@3.2.2
30 silly idealTree ├── object-visit@1.0.1
30 silly idealTree ├── object.pick@1.3.0
30 silly idealTree ├── on-finished@2.3.0
30 silly idealTree ├── on-headers@1.0.2
30 silly idealTree ├── p-finally@1.0.0
30 silly idealTree ├─┬ package-json@4.0.1
30 silly idealTree │ └── semver@5.7.1
30 silly idealTree ├── packet-reader@1.0.0
30 silly idealTree ├── parseurl@1.3.3
30 silly idealTree ├── pascalcase@0.1.1
30 silly idealTree ├── passport-facebook@3.0.0
30 silly idealTree ├── passport-google-oauth@2.0.0
30 silly idealTree ├── passport-google-oauth1@1.0.0
30 silly idealTree ├── passport-google-oauth20@2.0.0
30 silly idealTree ├── passport-local@1.0.0
30 silly idealTree ├── passport-oauth1@1.1.0
30 silly idealTree ├── passport-oauth2@1.5.0
30 silly idealTree ├── passport-strategy@1.0.0
30 silly idealTree ├── passport@0.4.0
30 silly idealTree ├── path-dirname@1.0.2
30 silly idealTree ├── path-is-absolute@1.0.1
30 silly idealTree ├── path-is-inside@1.0.2
30 silly idealTree ├── path-key@2.0.1
30 silly idealTree ├── path-to-regexp@0.1.7
30 silly idealTree ├── pause@0.0.1
30 silly idealTree ├── pg-connection-string@0.1.3
30 silly idealTree ├── pg-int8@1.0.1
30 silly idealTree ├── pg-pool@2.0.7
30 silly idealTree ├── pg-types@2.2.0
30 silly idealTree ├── pg@7.12.1
30 silly idealTree ├── pgpass@1.0.2
30 silly idealTree ├── pify@3.0.0
30 silly idealTree ├── posix-character-classes@0.1.1
30 silly idealTree ├── postgres-array@2.0.0
30 silly idealTree ├── postgres-bytea@1.0.0
30 silly idealTree ├── postgres-date@1.0.4
30 silly idealTree ├── postgres-interval@1.2.0
30 silly idealTree ├── prepend-http@1.0.4
30 silly idealTree ├── process-nextick-args@2.0.1
30 silly idealTree ├── proxy-addr@2.0.5
30 silly idealTree ├── pseudomap@1.0.2
30 silly idealTree ├── pstree.remy@1.1.7
30 silly idealTree ├── qs@6.7.0
30 silly idealTree ├── random-bytes@1.0.0
30 silly idealTree ├── range-parser@1.2.1
30 silly idealTree ├── raw-body@2.4.0
30 silly idealTree ├── rc@1.2.8
30 silly idealTree ├── readable-stream@2.3.6
30 silly idealTree ├── readdirp@2.2.1
30 silly idealTree ├── regex-not@1.0.2
30 silly idealTree ├── registry-auth-token@3.4.0
30 silly idealTree ├── registry-url@3.1.0
30 silly idealTree ├── remove-trailing-separator@1.1.0
30 silly idealTree ├── repeat-element@1.1.3
30 silly idealTree ├── repeat-string@1.6.1
30 silly idealTree ├── resolve-url@0.2.1
30 silly idealTree ├── ret@0.1.15
30 silly idealTree ├── retry-as-promised@3.2.0
30 silly idealTree ├── safe-buffer@5.1.2
30 silly idealTree ├── safe-regex@1.1.0
30 silly idealTree ├── safer-buffer@2.1.2
30 silly idealTree ├─┬ semver-diff@2.1.0
30 silly idealTree │ └── semver@5.7.1
30 silly idealTree ├── semver@4.3.2
30 silly idealTree ├─┬ send@0.17.1
30 silly idealTree │ └── ms@2.1.1
30 silly idealTree ├── sequelize-pool@2.3.0
30 silly idealTree ├─┬ sequelize@5.21.2
30 silly idealTree │ ├── debug@4.1.1
30 silly idealTree │ ├── ms@2.1.2
30 silly idealTree │ └── semver@6.3.0
30 silly idealTree ├── serve-static@1.14.1
30 silly idealTree ├─┬ set-value@2.0.1
30 silly idealTree │ └── extend-shallow@2.0.1
30 silly idealTree ├── setprototypeof@1.1.1
30 silly idealTree ├── shebang-command@1.2.0
30 silly idealTree ├── shebang-regex@1.0.0
30 silly idealTree ├── shimmer@1.2.1
30 silly idealTree ├── signal-exit@3.0.2
30 silly idealTree ├─┬ snapdragon-node@2.1.1
30 silly idealTree │ ├── define-property@1.0.0
30 silly idealTree │ ├── is-accessor-descriptor@1.0.0
30 silly idealTree │ ├── is-data-descriptor@1.0.0
30 silly idealTree │ └── is-descriptor@1.0.2
30 silly idealTree ├─┬ snapdragon-util@3.0.1
30 silly idealTree │ └── kind-of@3.2.2
30 silly idealTree ├─┬ snapdragon@0.8.2
30 silly idealTree │ ├── define-property@0.2.5
30 silly idealTree │ └── extend-shallow@2.0.1
30 silly idealTree ├── source-map-resolve@0.5.2
30 silly idealTree ├── source-map-url@0.4.0
30 silly idealTree ├── source-map@0.5.7
30 silly idealTree ├── split-string@3.1.0
30 silly idealTree ├── split@1.0.1
30 silly idealTree ├─┬ static-extend@0.1.2
30 silly idealTree │ └── define-property@0.2.5
30 silly idealTree ├── statuses@1.5.0
30 silly idealTree ├── string_decoder@1.1.1
30 silly idealTree ├── string-width@2.1.1
30 silly idealTree ├── strip-ansi@4.0.0
30 silly idealTree ├── strip-eof@1.0.0
30 silly idealTree ├── strip-json-comments@2.0.1
30 silly idealTree ├── supports-color@5.5.0
30 silly idealTree ├── term-size@1.2.0
30 silly idealTree ├── through@2.3.8
30 silly idealTree ├── timed-out@4.0.1
30 silly idealTree ├─┬ to-object-path@0.3.0
30 silly idealTree │ └── kind-of@3.2.2
30 silly idealTree ├── to-regex-range@2.1.1
30 silly idealTree ├── to-regex@3.0.2
30 silly idealTree ├── toidentifier@1.0.0
30 silly idealTree ├── toposort-class@1.0.1
30 silly idealTree ├── touch@3.1.0
30 silly idealTree ├── type-is@1.6.18
30 silly idealTree ├── uid-safe@2.1.5
30 silly idealTree ├── uid2@0.0.3
30 silly idealTree ├── undefsafe@2.0.2
30 silly idealTree ├── union-value@1.0.1
30 silly idealTree ├── unique-string@1.0.0
30 silly idealTree ├── unpipe@1.0.0
30 silly idealTree ├─┬ unset-value@1.0.0
30 silly idealTree │ ├─┬ has-value@0.3.1
30 silly idealTree │ │ └── isobject@2.1.0
30 silly idealTree │ └── has-values@0.1.4
30 silly idealTree ├── unzip-response@2.0.1
30 silly idealTree ├── upath@1.2.0
30 silly idealTree ├── update-notifier@2.5.0
30 silly idealTree ├── urix@0.1.0
30 silly idealTree ├── url-parse-lax@1.0.0
30 silly idealTree ├── use@3.1.1
30 silly idealTree ├── util-deprecate@1.0.2
30 silly idealTree ├── utils-merge@1.0.1
30 silly idealTree ├── uuid@3.3.3
30 silly idealTree ├── validator@10.11.0
30 silly idealTree ├── vary@1.1.2
30 silly idealTree ├── which@1.3.1
30 silly idealTree ├── widest-line@2.0.1
30 silly idealTree ├── wkx@0.4.8
30 silly idealTree ├── write-file-atomic@2.4.3
30 silly idealTree ├── xdg-basedir@3.0.0
30 silly idealTree ├── xtend@4.0.2
30 silly idealTree └── yallist@2.1.2
31 silly generateActionsToTake Starting
32 silly install generateActionsToTake
33 silly generateActionsToTake Finishing
34 silly diffTrees action count 1
35 silly diffTrees update passport-facebook@3.0.0
36 silly decomposeActions action count 8
37 silly decomposeActions fetch passport-facebook@3.0.0
38 silly decomposeActions extract passport-facebook@3.0.0
39 silly decomposeActions test passport-facebook@3.0.0
40 silly decomposeActions preinstall passport-facebook@3.0.0
41 silly decomposeActions build passport-facebook@3.0.0
42 silly decomposeActions install passport-facebook@3.0.0
43 silly decomposeActions postinstall passport-facebook@3.0.0
44 silly decomposeActions finalize passport-facebook@3.0.0
45 silly executeActions Starting
46 silly install executeActions
47 silly doSerial global-install 0
48 silly doParallel fetch 1
49 verbose lock using /home/acemanu412/.npm/_locks/staging-e020f7e483558154.lock for /home/acemanu412/Documents/plataforma5/Ecommerce-chiqualaiz/back/node_modules/.staging
50 silly doParallel extract 1
51 silly extract passport-facebook@3.0.0
52 verbose unbuild node_modules/.staging/passport-facebook-2a8913ec
53 silly gentlyRm /home/acemanu412/Documents/plataforma5/Ecommerce-chiqualaiz/back/node_modules/.staging/passport-facebook-2a8913ec is being purged from base /home/acemanu412/Documents/plataforma5/Ecommerce-chiqualaiz/back
54 verbose gentlyRm don't care about contents; nuking /home/acemanu412/Documents/plataforma5/Ecommerce-chiqualaiz/back/node_modules/.staging/passport-facebook-2a8913ec
55 verbose tar unpack /home/acemanu412/.npm/passport-facebook/3.0.0/package.tgz
56 verbose tar unpacking to /home/acemanu412/Documents/plataforma5/Ecommerce-chiqualaiz/back/node_modules/.staging/passport-facebook-2a8913ec
57 silly gentlyRm /home/acemanu412/Documents/plataforma5/Ecommerce-chiqualaiz/back/node_modules/.staging/passport-facebook-2a8913ec is being purged
58 verbose gentlyRm don't care about contents; nuking /home/acemanu412/Documents/plataforma5/Ecommerce-chiqualaiz/back/node_modules/.staging/passport-facebook-2a8913ec
59 silly gunzTarPerm modes [ '755', '644' ]
60 silly gunzTarPerm extractEntry package.json
61 silly gunzTarPerm extractEntry .npmignore
62 silly gunzTarPerm extractEntry README.md
63 silly gunzTarPerm extractEntry LICENSE
64 silly gunzTarPerm extractEntry CONTRIBUTING.md
65 silly gunzTarPerm extractEntry .github/ISSUE_TEMPLATE.md
66 silly gunzTarPerm extractEntry .github/PULL_REQUEST_TEMPLATE.md
67 silly gunzTarPerm extractEntry lib/index.js
68 silly gunzTarPerm extractEntry lib/profile.js
69 silly gunzTarPerm extractEntry lib/strategy.js
70 silly gunzTarPerm extractEntry lib/errors/facebookauthorizationerror.js
71 silly gunzTarPerm extractEntry lib/errors/facebookgraphapierror.js
72 silly gunzTarPerm extractEntry lib/errors/facebooktokenerror.js
73 silly gentlyRm /home/acemanu412/Documents/plataforma5/Ecommerce-chiqualaiz/back/node_modules/.staging/passport-facebook-2a8913ec/node_modules is being purged
74 verbose gentlyRm don't care about contents; nuking /home/acemanu412/Documents/plataforma5/Ecommerce-chiqualaiz/back/node_modules/.staging/passport-facebook-2a8913ec/node_modules
75 silly doParallel preinstall 1
76 silly preinstall passport-facebook@3.0.0 /home/acemanu412/Documents/plataforma5/Ecommerce-chiqualaiz/back/node_modules/.staging/passport-facebook-2a8913ec
77 info lifecycle passport-facebook@3.0.0~preinstall: passport-facebook@3.0.0
78 silly lifecycle passport-facebook@3.0.0~preinstall: no script for preinstall, continuing
79 silly doReverseSerial remove 0
80 silly doSerial move 0
81 silly doSerial finalize 1
82 silly finalize /home/acemanu412/Documents/plataforma5/Ecommerce-chiqualaiz/back/node_modules/passport-facebook
83 silly doSerial build 1
84 silly build passport-facebook@3.0.0
85 info linkStuff passport-facebook@3.0.0
86 silly linkStuff passport-facebook@3.0.0 has /home/acemanu412/Documents/plataforma5/Ecommerce-chiqualaiz/back/node_modules as its parent node_modules
87 verbose linkBins passport-facebook@3.0.0
88 verbose linkMans passport-facebook@3.0.0
89 silly doSerial global-link 0
90 silly doParallel update-linked 0
91 silly doSerial install 1
92 silly install passport-facebook@3.0.0 /home/acemanu412/Documents/plataforma5/Ecommerce-chiqualaiz/back/node_modules/.staging/passport-facebook-2a8913ec
93 info lifecycle passport-facebook@3.0.0~install: passport-facebook@3.0.0
94 silly lifecycle passport-facebook@3.0.0~install: no script for install, continuing
95 silly doSerial postinstall 1
96 silly postinstall passport-facebook@3.0.0 /home/acemanu412/Documents/plataforma5/Ecommerce-chiqualaiz/back/node_modules/.staging/passport-facebook-2a8913ec
97 info lifecycle passport-facebook@3.0.0~postinstall: passport-facebook@3.0.0
98 silly lifecycle passport-facebook@3.0.0~postinstall: no script for postinstall, continuing
99 verbose unlock done using /home/acemanu412/.npm/_locks/staging-e020f7e483558154.lock for /home/acemanu412/Documents/plataforma5/Ecommerce-chiqualaiz/back/node_modules/.staging
100 silly executeActions Finishing
101 silly rollbackFailedOptional Starting
102 silly rollbackFailedOptional Finishing
103 silly runTopLevelLifecycles Starting
104 silly install runTopLevelLifecycles
105 silly preinstall ecommerce-back@1.0.0 /home/acemanu412/Documents/plataforma5/Ecommerce-chiqualaiz/back/ecommerce-back-48f1bcd1
106 info lifecycle ecommerce-back@1.0.0~preinstall: ecommerce-back@1.0.0
107 silly lifecycle ecommerce-back@1.0.0~preinstall: no script for preinstall, continuing
108 silly build ecommerce-back@1.0.0
109 info linkStuff ecommerce-back@1.0.0
110 silly linkStuff ecommerce-back@1.0.0 has /home/acemanu412/Documents/plataforma5/Ecommerce-chiqualaiz as its parent node_modules
111 verbose linkBins ecommerce-back@1.0.0
112 verbose linkMans ecommerce-back@1.0.0
113 silly install ecommerce-back@1.0.0 /home/acemanu412/Documents/plataforma5/Ecommerce-chiqualaiz/back/ecommerce-back-48f1bcd1
114 info lifecycle ecommerce-back@1.0.0~install: ecommerce-back@1.0.0
115 silly lifecycle ecommerce-back@1.0.0~install: no script for install, continuing
116 silly postinstall ecommerce-back@1.0.0 /home/acemanu412/Documents/plataforma5/Ecommerce-chiqualaiz/back/ecommerce-back-48f1bcd1
117 info lifecycle ecommerce-back@1.0.0~postinstall: ecommerce-back@1.0.0
118 verbose lifecycle ecommerce-back@1.0.0~postinstall: unsafe-perm in lifecycle true
119 verbose lifecycle ecommerce-back@1.0.0~postinstall: PATH: /usr/share/npm/bin/node-gyp-bin:/home/acemanu412/Documents/plataforma5/Ecommerce-chiqualaiz/back/node_modules/.bin:/usr/local/sbin:/usr/local/bin:/usr/sbin:/usr/bin:/sbin:/bin:/usr/games:/usr/local/games
120 verbose lifecycle ecommerce-back@1.0.0~postinstall: CWD: /home/acemanu412/Documents/plataforma5/Ecommerce-chiqualaiz/back
121 silly lifecycle ecommerce-back@1.0.0~postinstall: Args: [ '-c', 'npm run db-init && npm run seed' ]
122 silly lifecycle ecommerce-back@1.0.0~postinstall: Returned: code: 1  signal: null
123 info lifecycle ecommerce-back@1.0.0~postinstall: Failed to exec postinstall script
124 warn optional Skipping failed optional dependency /chokidar/fsevents:
125 warn notsup Not compatible with your operating system or architecture: fsevents@1.2.9
126 warn ecommerce-back@1.0.0 No repository field.
127 verbose stack Error: ecommerce-back@1.0.0 postinstall: `npm run db-init && npm run seed`
127 verbose stack Exit status 1
127 verbose stack     at EventEmitter.<anonymous> (/usr/share/npm/lib/utils/lifecycle.js:232:16)
127 verbose stack     at emitTwo (events.js:126:13)
127 verbose stack     at EventEmitter.emit (events.js:214:7)
127 verbose stack     at ChildProcess.<anonymous> (/usr/share/npm/lib/utils/spawn.js:24:14)
127 verbose stack     at emitTwo (events.js:126:13)
127 verbose stack     at ChildProcess.emit (events.js:214:7)
127 verbose stack     at maybeClose (internal/child_process.js:925:16)
127 verbose stack     at Process.ChildProcess._handle.onexit (internal/child_process.js:209:5)
128 verbose pkgid ecommerce-back@1.0.0
129 verbose cwd /home/acemanu412/Documents/plataforma5/Ecommerce-chiqualaiz/back
130 error Linux 4.15.0-20-generic
131 error argv "/usr/bin/node" "/usr/bin/npm" "i"
132 error node v8.10.0
133 error npm  v3.5.2
134 error code ELIFECYCLE
135 error ecommerce-back@1.0.0 postinstall: `npm run db-init && npm run seed`
135 error Exit status 1
136 error Failed at the ecommerce-back@1.0.0 postinstall script 'npm run db-init && npm run seed'.
136 error Make sure you have the latest version of node.js and npm installed.
136 error If you do, this is most likely a problem with the ecommerce-back package,
136 error not with npm itself.
136 error Tell the author that this fails on your system:
136 error     npm run db-init && npm run seed
136 error You can get information on how to open an issue for this project with:
136 error     npm bugs ecommerce-back
136 error Or if that isn't available, you can get their info via:
136 error     npm owner ls ecommerce-back
136 error There is likely additional logging output above.
137 verbose exit [ 1, true ]
